<?xml version="1.0" encoding="UTF-8"?>
<testng-results skipped="0" failed="0" total="3" passed="3">
  <reporter-output>
  </reporter-output>
  <suite name="Failed suite [Failed suite [Failed suite [Failed suite [Failed suite [Failed suite [Failed suite [Failed suite [Failed suite [Failed suite [Failed suite [Default suite]]]]]]]]]]]" duration-ms="383716" started-at="2015-12-05T05:25:09Z" finished-at="2015-12-05T05:31:33Z">
    <groups>
    </groups>
    <test name="Default test" duration-ms="383716" started-at="2015-12-05T05:25:09Z" finished-at="2015-12-05T05:31:33Z">
      <class name="com.xujh.testng.TestDDTExcel">
        <test-method status="PASS" signature="beforeTest()[pri:0, instance:com.xujh.testng.TestDDTExcel@2e3d787c]" name="beforeTest" is-config="true" duration-ms="8427" started-at="2015-12-05T13:25:09Z" finished-at="2015-12-05T13:25:18Z">
          <reporter-output>
          </reporter-output>
        </test-method> <!-- beforeTest -->
        <test-method status="PASS" signature="beforeMethod()[pri:0, instance:com.xujh.testng.TestDDTExcel@2e3d787c]" name="beforeMethod" is-config="true" duration-ms="14517" started-at="2015-12-05T13:25:18Z" finished-at="2015-12-05T13:25:33Z">
          <reporter-output>
          </reporter-output>
        </test-method> <!-- beforeMethod -->
        <test-method status="PASS" signature="f(java.lang.String, java.lang.String)[pri:0, instance:com.xujh.testng.TestDDTExcel@2e3d787c]" name="f" duration-ms="195600" started-at="2015-12-05T13:25:33Z" data-provider="dpexcel" finished-at="2015-12-05T13:28:48Z">
          <params>
            <param index="0">
              <value>
                <![CDATA[teradata]]>
              </value>
            </param>
            <param index="1">
              <value>
                <![CDATA[天睿]]>
              </value>
            </param>
          </params>
          <reporter-output>
          </reporter-output>
        </test-method> <!-- f -->
        <test-method status="PASS" signature="beforeMethod()[pri:0, instance:com.xujh.testng.TestDDTExcel@2e3d787c]" name="beforeMethod" is-config="true" duration-ms="3741" started-at="2015-12-05T13:28:48Z" finished-at="2015-12-05T13:28:52Z">
          <reporter-output>
          </reporter-output>
        </test-method> <!-- beforeMethod -->
        <test-method status="PASS" signature="f(java.lang.String, java.lang.String)[pri:0, instance:com.xujh.testng.TestDDTExcel@2e3d787c]" name="f" duration-ms="140364" started-at="2015-12-05T13:28:52Z" data-provider="dpexcel" finished-at="2015-12-05T13:31:13Z">
          <params>
            <param index="0">
              <value>
                <![CDATA[umeng]]>
              </value>
            </param>
            <param index="1">
              <value>
                <![CDATA[友盟]]>
              </value>
            </param>
          </params>
          <reporter-output>
          </reporter-output>
        </test-method> <!-- f -->
        <test-method status="PASS" signature="beforeMethod()[pri:0, instance:com.xujh.testng.TestDDTExcel@2e3d787c]" name="beforeMethod" is-config="true" duration-ms="2491" started-at="2015-12-05T13:31:13Z" finished-at="2015-12-05T13:31:15Z">
          <reporter-output>
          </reporter-output>
        </test-method> <!-- beforeMethod -->
        <test-method status="PASS" signature="f(java.lang.String, java.lang.String)[pri:0, instance:com.xujh.testng.TestDDTExcel@2e3d787c]" name="f" duration-ms="17733" started-at="2015-12-05T13:31:15Z" data-provider="dpexcel" finished-at="2015-12-05T13:31:33Z">
          <params>
            <param index="0">
              <value>
                <![CDATA[alibaba]]>
              </value>
            </param>
            <param index="1">
              <value>
                <![CDATA[阿里巴巴]]>
              </value>
            </param>
          </params>
          <reporter-output>
          </reporter-output>
        </test-method> <!-- f -->
        <test-method status="PASS" signature="afterTest()[pri:0, instance:com.xujh.testng.TestDDTExcel@2e3d787c]" name="afterTest" is-config="true" duration-ms="20" started-at="2015-12-05T13:31:33Z" finished-at="2015-12-05T13:31:33Z">
          <reporter-output>
          </reporter-output>
        </test-method> <!-- afterTest -->
      </class> <!-- com.xujh.testng.TestDDTExcel -->
    </test> <!-- Default test -->
  </suite> <!-- Failed suite [Failed suite [Failed suite [Failed suite [Failed suite [Failed suite [Failed suite [Failed suite [Failed suite [Failed suite [Failed suite [Default suite]]]]]]]]]]] -->
</testng-results>
