<?xml version="1.0" encoding="UTF-8"?>
<testng-results skipped="0" failed="0" total="1" passed="1">
  <reporter-output>
  </reporter-output>
  <suite name="Default suite" duration-ms="223408" started-at="2015-12-03T09:52:44Z" finished-at="2015-12-03T09:56:28Z">
    <groups>
    </groups>
    <test name="Default test" duration-ms="223408" started-at="2015-12-03T09:52:44Z" finished-at="2015-12-03T09:56:28Z">
      <class name="com.xujh.testng.FirstDemo">
        <test-method status="PASS" signature="setUp()[pri:0, instance:com.xujh.testng.FirstDemo@768dbb49]" name="setUp" is-config="true" duration-ms="7356" started-at="2015-12-03T17:52:44Z" finished-at="2015-12-03T17:52:52Z">
          <reporter-output>
          </reporter-output>
        </test-method> <!-- setUp -->
        <test-method status="PASS" signature="dealInvisible2()[pri:0, instance:com.xujh.testng.FirstDemo@768dbb49]" name="dealInvisible2" duration-ms="211400" started-at="2015-12-03T17:52:52Z" finished-at="2015-12-03T17:56:23Z">
          <reporter-output>
          </reporter-output>
        </test-method> <!-- dealInvisible2 -->
        <test-method status="PASS" signature="tearDown()[pri:0, instance:com.xujh.testng.FirstDemo@768dbb49]" name="tearDown" is-config="true" duration-ms="4638" started-at="2015-12-03T17:56:23Z" finished-at="2015-12-03T17:56:28Z">
          <reporter-output>
          </reporter-output>
        </test-method> <!-- tearDown -->
      </class> <!-- com.xujh.testng.FirstDemo -->
    </test> <!-- Default test -->
  </suite> <!-- Default suite -->
</testng-results>
